
*** Running vivado
    with args -log TopMod.vds -m64 -product Vivado -mode batch -messageDb vivado.pb -notrace -source TopMod.tcl


****** Vivado v2019.1 (64-bit)
  **** SW Build 2552052 on Fri May 24 14:49:42 MDT 2019
  **** IP Build 2548770 on Fri May 24 18:01:18 MDT 2019
    ** Copyright 1986-2019 Xilinx, Inc. All Rights Reserved.

source TopMod.tcl -notrace
Command: synth_design -top TopMod -part xc7a35tcpg236-1
Starting synth_design
Attempting to get a license for feature 'Synthesis' and/or device 'xc7a35t'
INFO: [Common 17-349] Got license for feature 'Synthesis' and/or device 'xc7a35t'
INFO: [Device 21-403] Loading part xc7a35tcpg236-1
INFO: Launching helper process for spawning children vivado processes
INFO: Helper process launched with PID 6000 
---------------------------------------------------------------------------------
Starting RTL Elaboration : Time (s): cpu = 00:00:03 ; elapsed = 00:00:04 . Memory (MB): peak = 814.504 ; gain = 178.520
---------------------------------------------------------------------------------
INFO: [Synth 8-6157] synthesizing module 'TopMod' [C:/Users/sdli/Downloads/Lab04FINALFINAL.xpr/Lab04/Lab04.srcs/sources_1/new/TopMod.v:23]
INFO: [Synth 8-6157] synthesizing module 'qsec_clks' [C:/Users/sdli/Downloads/Lab04FINALFINAL.xpr/Lab04/Lab04.srcs/sources_1/imports/Downloads/qsec_clks.v:24]
INFO: [Synth 8-6157] synthesizing module 'clk_wiz_0' [C:/Users/sdli/Downloads/Lab04FINALFINAL.xpr/Lab04/Lab04.srcs/sources_1/imports/Downloads/qsec_clks.v:58]
INFO: [Synth 8-6157] synthesizing module 'IBUF' [C:/Xilinx/Vivado/2019.1/scripts/rt/data/unisim_comp.v:32856]
	Parameter CAPACITANCE bound to: DONT_CARE - type: string 
	Parameter IBUF_DELAY_VALUE bound to: 0 - type: string 
	Parameter IBUF_LOW_PWR bound to: TRUE - type: string 
	Parameter IFD_DELAY_VALUE bound to: AUTO - type: string 
	Parameter IOSTANDARD bound to: DEFAULT - type: string 
INFO: [Synth 8-6155] done synthesizing module 'IBUF' (1#1) [C:/Xilinx/Vivado/2019.1/scripts/rt/data/unisim_comp.v:32856]
INFO: [Synth 8-6157] synthesizing module 'MMCME2_ADV' [C:/Xilinx/Vivado/2019.1/scripts/rt/data/unisim_comp.v:39813]
	Parameter BANDWIDTH bound to: OPTIMIZED - type: string 
	Parameter CLKFBOUT_MULT_F bound to: 9.125000 - type: float 
	Parameter CLKFBOUT_PHASE bound to: 0.000000 - type: float 
	Parameter CLKFBOUT_USE_FINE_PS bound to: FALSE - type: string 
	Parameter CLKIN1_PERIOD bound to: 10.000000 - type: float 
	Parameter CLKIN2_PERIOD bound to: 0.000000 - type: float 
	Parameter CLKOUT0_DIVIDE_F bound to: 36.500000 - type: float 
	Parameter CLKOUT0_DUTY_CYCLE bound to: 0.500000 - type: float 
	Parameter CLKOUT0_PHASE bound to: 0.000000 - type: float 
	Parameter CLKOUT0_USE_FINE_PS bound to: FALSE - type: string 
	Parameter CLKOUT1_DIVIDE bound to: 1 - type: integer 
	Parameter CLKOUT1_DUTY_CYCLE bound to: 0.500000 - type: float 
	Parameter CLKOUT1_PHASE bound to: 0.000000 - type: float 
	Parameter CLKOUT1_USE_FINE_PS bound to: FALSE - type: string 
	Parameter CLKOUT2_DIVIDE bound to: 1 - type: integer 
	Parameter CLKOUT2_DUTY_CYCLE bound to: 0.500000 - type: float 
	Parameter CLKOUT2_PHASE bound to: 0.000000 - type: float 
	Parameter CLKOUT2_USE_FINE_PS bound to: FALSE - type: string 
	Parameter CLKOUT3_DIVIDE bound to: 1 - type: integer 
	Parameter CLKOUT3_DUTY_CYCLE bound to: 0.500000 - type: float 
	Parameter CLKOUT3_PHASE bound to: 0.000000 - type: float 
	Parameter CLKOUT3_USE_FINE_PS bound to: FALSE - type: string 
	Parameter CLKOUT4_CASCADE bound to: FALSE - type: string 
	Parameter CLKOUT4_DIVIDE bound to: 1 - type: integer 
	Parameter CLKOUT4_DUTY_CYCLE bound to: 0.500000 - type: float 
	Parameter CLKOUT4_PHASE bound to: 0.000000 - type: float 
	Parameter CLKOUT4_USE_FINE_PS bound to: FALSE - type: string 
	Parameter CLKOUT5_DIVIDE bound to: 1 - type: integer 
	Parameter CLKOUT5_DUTY_CYCLE bound to: 0.500000 - type: float 
	Parameter CLKOUT5_PHASE bound to: 0.000000 - type: float 
	Parameter CLKOUT5_USE_FINE_PS bound to: FALSE - type: string 
	Parameter CLKOUT6_DIVIDE bound to: 1 - type: integer 
	Parameter CLKOUT6_DUTY_CYCLE bound to: 0.500000 - type: float 
	Parameter CLKOUT6_PHASE bound to: 0.000000 - type: float 
	Parameter CLKOUT6_USE_FINE_PS bound to: FALSE - type: string 
	Parameter COMPENSATION bound to: ZHOLD - type: string 
	Parameter DIVCLK_DIVIDE bound to: 0 - type: integer 
	Parameter IS_CLKINSEL_INVERTED bound to: 1'b0 
	Parameter IS_PSEN_INVERTED bound to: 1'b0 
	Parameter IS_PSINCDEC_INVERTED bound to: 1'b0 
	Parameter IS_PWRDWN_INVERTED bound to: 1'b0 
	Parameter IS_RST_INVERTED bound to: 1'b0 
	Parameter REF_JITTER1 bound to: 0.010000 - type: float 
	Parameter REF_JITTER2 bound to: 0.010000 - type: float 
	Parameter SS_EN bound to: FALSE - type: string 
	Parameter SS_MODE bound to: CENTER_HIGH - type: string 
	Parameter SS_MOD_PERIOD bound to: 10000 - type: integer 
	Parameter STARTUP_WAIT bound to: FALSE - type: string 
INFO: [Synth 8-6155] done synthesizing module 'MMCME2_ADV' (2#1) [C:/Xilinx/Vivado/2019.1/scripts/rt/data/unisim_comp.v:39813]
INFO: [Synth 8-6157] synthesizing module 'BUFG' [C:/Xilinx/Vivado/2019.1/scripts/rt/data/unisim_comp.v:1075]
INFO: [Synth 8-6155] done synthesizing module 'BUFG' (3#1) [C:/Xilinx/Vivado/2019.1/scripts/rt/data/unisim_comp.v:1075]
INFO: [Synth 8-6155] done synthesizing module 'clk_wiz_0' (4#1) [C:/Users/sdli/Downloads/Lab04FINALFINAL.xpr/Lab04/Lab04.srcs/sources_1/imports/Downloads/qsec_clks.v:58]
INFO: [Synth 8-6157] synthesizing module 'clkcntrl4' [C:/Users/sdli/Downloads/Lab04FINALFINAL.xpr/Lab04/Lab04.srcs/sources_1/imports/Downloads/qsec_clks.v:187]
INFO: [Synth 8-6157] synthesizing module 'count4_MSCLK_clkcntrl4' [C:/Users/sdli/Downloads/Lab04FINALFINAL.xpr/Lab04/Lab04.srcs/sources_1/imports/Downloads/qsec_clks.v:324]
INFO: [Synth 8-6157] synthesizing module 'FDRE' [C:/Xilinx/Vivado/2019.1/scripts/rt/data/unisim_comp.v:13664]
	Parameter INIT bound to: 1'b0 
	Parameter IS_C_INVERTED bound to: 1'b0 
	Parameter IS_D_INVERTED bound to: 1'b0 
	Parameter IS_R_INVERTED bound to: 1'b0 
INFO: [Synth 8-6155] done synthesizing module 'FDRE' (5#1) [C:/Xilinx/Vivado/2019.1/scripts/rt/data/unisim_comp.v:13664]
INFO: [Synth 8-6155] done synthesizing module 'count4_MSCLK_clkcntrl4' (6#1) [C:/Users/sdli/Downloads/Lab04FINALFINAL.xpr/Lab04/Lab04.srcs/sources_1/imports/Downloads/qsec_clks.v:324]
INFO: [Synth 8-6157] synthesizing module 'AND2' [C:/Xilinx/Vivado/2019.1/scripts/rt/data/unisim_comp.v:466]
INFO: [Synth 8-6155] done synthesizing module 'AND2' (7#1) [C:/Xilinx/Vivado/2019.1/scripts/rt/data/unisim_comp.v:466]
INFO: [Synth 8-6157] synthesizing module 'BUF' [C:/Xilinx/Vivado/2019.1/scripts/rt/data/unisim_comp.v:1021]
INFO: [Synth 8-6155] done synthesizing module 'BUF' (8#1) [C:/Xilinx/Vivado/2019.1/scripts/rt/data/unisim_comp.v:1021]
INFO: [Synth 8-6155] done synthesizing module 'clkcntrl4' (9#1) [C:/Users/sdli/Downloads/Lab04FINALFINAL.xpr/Lab04/Lab04.srcs/sources_1/imports/Downloads/qsec_clks.v:187]
WARNING: [Synth 8-4446] all outputs are unconnected for this instance and logic may be removed [C:/Users/sdli/Downloads/Lab04FINALFINAL.xpr/Lab04/Lab04.srcs/sources_1/imports/Downloads/qsec_clks.v:41]
INFO: [Synth 8-6157] synthesizing module 'STARTUPE2' [C:/Xilinx/Vivado/2019.1/scripts/rt/data/unisim_comp.v:77870]
	Parameter PROG_USR bound to: FALSE - type: string 
	Parameter SIM_CCLK_FREQ bound to: 0.000000 - type: float 
INFO: [Synth 8-6155] done synthesizing module 'STARTUPE2' (10#1) [C:/Xilinx/Vivado/2019.1/scripts/rt/data/unisim_comp.v:77870]
INFO: [Synth 8-6155] done synthesizing module 'qsec_clks' (11#1) [C:/Users/sdli/Downloads/Lab04FINALFINAL.xpr/Lab04/Lab04.srcs/sources_1/imports/Downloads/qsec_clks.v:24]
INFO: [Synth 8-6157] synthesizing module 'LFSR' [C:/Users/sdli/Downloads/Lab04FINALFINAL.xpr/Lab04/Lab04.srcs/sources_1/new/LFSR.v:23]
INFO: [Synth 8-6157] synthesizing module 'FDRE__parameterized0' [C:/Xilinx/Vivado/2019.1/scripts/rt/data/unisim_comp.v:13664]
	Parameter INIT bound to: 1'b1 
	Parameter IS_C_INVERTED bound to: 1'b0 
	Parameter IS_D_INVERTED bound to: 1'b0 
	Parameter IS_R_INVERTED bound to: 1'b0 
INFO: [Synth 8-6155] done synthesizing module 'FDRE__parameterized0' (11#1) [C:/Xilinx/Vivado/2019.1/scripts/rt/data/unisim_comp.v:13664]
INFO: [Synth 8-6155] done synthesizing module 'LFSR' (12#1) [C:/Users/sdli/Downloads/Lab04FINALFINAL.xpr/Lab04/Lab04.srcs/sources_1/new/LFSR.v:23]
INFO: [Synth 8-6157] synthesizing module 'timeCounter' [C:/Users/sdli/Downloads/Lab04FINALFINAL.xpr/Lab04/Lab04.srcs/sources_1/new/timeCounter.v:23]
INFO: [Synth 8-6157] synthesizing module 'counterDown4L' [C:/Users/sdli/Downloads/Lab04FINALFINAL.xpr/Lab04/Lab04.srcs/sources_1/new/counterDown4L.v:23]
INFO: [Synth 8-6155] done synthesizing module 'counterDown4L' (13#1) [C:/Users/sdli/Downloads/Lab04FINALFINAL.xpr/Lab04/Lab04.srcs/sources_1/new/counterDown4L.v:23]
INFO: [Synth 8-6155] done synthesizing module 'timeCounter' (14#1) [C:/Users/sdli/Downloads/Lab04FINALFINAL.xpr/Lab04/Lab04.srcs/sources_1/new/timeCounter.v:23]
INFO: [Synth 8-6157] synthesizing module 'stateMachine' [C:/Users/sdli/Downloads/Lab04FINALFINAL.xpr/Lab04/Lab04.srcs/sources_1/new/stateMachine.v:23]
INFO: [Synth 8-6155] done synthesizing module 'stateMachine' (15#1) [C:/Users/sdli/Downloads/Lab04FINALFINAL.xpr/Lab04/Lab04.srcs/sources_1/new/stateMachine.v:23]
INFO: [Synth 8-6157] synthesizing module 'ringCounter' [C:/Users/sdli/Downloads/Lab04FINALFINAL.xpr/Lab04/Lab04.srcs/sources_1/new/ringCounter.v:23]
INFO: [Synth 8-6155] done synthesizing module 'ringCounter' (16#1) [C:/Users/sdli/Downloads/Lab04FINALFINAL.xpr/Lab04/Lab04.srcs/sources_1/new/ringCounter.v:23]
INFO: [Synth 8-6157] synthesizing module 'Selector' [C:/Users/sdli/Downloads/Lab04FINALFINAL.xpr/Lab04/Lab04.srcs/sources_1/new/Selector.v:23]
INFO: [Synth 8-6155] done synthesizing module 'Selector' (17#1) [C:/Users/sdli/Downloads/Lab04FINALFINAL.xpr/Lab04/Lab04.srcs/sources_1/new/Selector.v:23]
INFO: [Synth 8-6157] synthesizing module 'count1Bit' [C:/Users/sdli/Downloads/Lab04FINALFINAL.xpr/Lab04/Lab04.srcs/sources_1/new/count1Bit.v:23]
INFO: [Synth 8-6155] done synthesizing module 'count1Bit' (18#1) [C:/Users/sdli/Downloads/Lab04FINALFINAL.xpr/Lab04/Lab04.srcs/sources_1/new/count1Bit.v:23]
INFO: [Synth 8-6157] synthesizing module 'hex7seg' [C:/Users/sdli/Downloads/Lab04FINALFINAL.xpr/Lab04/Lab04.srcs/sources_1/new/hex7seg.v:23]
INFO: [Synth 8-6155] done synthesizing module 'hex7seg' (19#1) [C:/Users/sdli/Downloads/Lab04FINALFINAL.xpr/Lab04/Lab04.srcs/sources_1/new/hex7seg.v:23]
INFO: [Synth 8-6155] done synthesizing module 'TopMod' (20#1) [C:/Users/sdli/Downloads/Lab04FINALFINAL.xpr/Lab04/Lab04.srcs/sources_1/new/TopMod.v:23]
WARNING: [Synth 8-3917] design TopMod has port dp driven by constant 1
WARNING: [Synth 8-3917] design TopMod has port led[14] driven by constant 0
WARNING: [Synth 8-3917] design TopMod has port led[13] driven by constant 0
WARNING: [Synth 8-3917] design TopMod has port led[12] driven by constant 0
WARNING: [Synth 8-3917] design TopMod has port led[11] driven by constant 0
WARNING: [Synth 8-3917] design TopMod has port led[10] driven by constant 0
WARNING: [Synth 8-3917] design TopMod has port led[9] driven by constant 0
WARNING: [Synth 8-3917] design TopMod has port led[6] driven by constant 0
WARNING: [Synth 8-3917] design TopMod has port led[5] driven by constant 0
WARNING: [Synth 8-3917] design TopMod has port led[4] driven by constant 0
WARNING: [Synth 8-3917] design TopMod has port led[3] driven by constant 0
WARNING: [Synth 8-3917] design TopMod has port led[2] driven by constant 0
WARNING: [Synth 8-3917] design TopMod has port led[1] driven by constant 0
WARNING: [Synth 8-3331] design TopMod has unconnected port sw[14]
WARNING: [Synth 8-3331] design TopMod has unconnected port sw[13]
WARNING: [Synth 8-3331] design TopMod has unconnected port sw[12]
WARNING: [Synth 8-3331] design TopMod has unconnected port sw[11]
WARNING: [Synth 8-3331] design TopMod has unconnected port sw[10]
WARNING: [Synth 8-3331] design TopMod has unconnected port sw[9]
WARNING: [Synth 8-3331] design TopMod has unconnected port sw[8]
WARNING: [Synth 8-3331] design TopMod has unconnected port sw[6]
WARNING: [Synth 8-3331] design TopMod has unconnected port sw[5]
WARNING: [Synth 8-3331] design TopMod has unconnected port sw[4]
WARNING: [Synth 8-3331] design TopMod has unconnected port sw[2]
WARNING: [Synth 8-3331] design TopMod has unconnected port sw[1]
---------------------------------------------------------------------------------
Finished RTL Elaboration : Time (s): cpu = 00:00:04 ; elapsed = 00:00:05 . Memory (MB): peak = 878.320 ; gain = 242.336
---------------------------------------------------------------------------------

Report Check Netlist: 
+------+------------------+-------+---------+-------+------------------+
|      |Item              |Errors |Warnings |Status |Description       |
+------+------------------+-------+---------+-------+------------------+
|1     |multi_driven_nets |      0|        0|Passed |Multi driven nets |
+------+------------------+-------+---------+-------+------------------+
---------------------------------------------------------------------------------
Start Handling Custom Attributes
---------------------------------------------------------------------------------
---------------------------------------------------------------------------------
Finished Handling Custom Attributes : Time (s): cpu = 00:00:05 ; elapsed = 00:00:05 . Memory (MB): peak = 878.320 ; gain = 242.336
---------------------------------------------------------------------------------
---------------------------------------------------------------------------------
Finished RTL Optimization Phase 1 : Time (s): cpu = 00:00:05 ; elapsed = 00:00:05 . Memory (MB): peak = 878.320 ; gain = 242.336
---------------------------------------------------------------------------------
CRITICAL WARNING: [Netlist 29-72] Incorrect value '0' specified for property 'DIVCLK_DIVIDE'. Expecting type 'int' with possible values of '1 to 106'. The system will either use the default value or the property value will be dropped. Please verify your source files. [C:/Users/sdli/Downloads/Lab04FINALFINAL.xpr/Lab04/Lab04.srcs/sources_1/imports/Downloads/qsec_clks.v:126]
Resolution: Please check the value of the property and set to a correct value.
INFO: [Netlist 29-17] Analyzing 5 Unisim elements for replacement
INFO: [Netlist 29-28] Unisim Transformation completed in 0 CPU seconds
INFO: [Project 1-570] Preparing netlist for logic optimization

Processing XDC Constraints
Initializing timing engine
Parsing XDC File [C:/Users/sdli/Downloads/Lab04FINALFINAL.xpr/Lab04/Lab04.srcs/constrs_1/imports/Downloads/Basys3_Master.xdc]
Finished Parsing XDC File [C:/Users/sdli/Downloads/Lab04FINALFINAL.xpr/Lab04/Lab04.srcs/constrs_1/imports/Downloads/Basys3_Master.xdc]
INFO: [Project 1-236] Implementation specific constraints were found while reading constraint file [C:/Users/sdli/Downloads/Lab04FINALFINAL.xpr/Lab04/Lab04.srcs/constrs_1/imports/Downloads/Basys3_Master.xdc]. These constraints will be ignored for synthesis but will be used in implementation. Impacted constraints are listed in the file [.Xil/TopMod_propImpl.xdc].
Resolution: To avoid this warning, move constraints listed in [.Xil/TopMod_propImpl.xdc] to another XDC file and exclude this new file from synthesis with the used_in_synthesis property (File Properties dialog in GUI) and re-run elaboration/synthesis.
INFO: [Timing 38-2] Deriving generated clocks
Completed Processing XDC Constraints

Netlist sorting complete. Time (s): cpu = 00:00:00 ; elapsed = 00:00:00 . Memory (MB): peak = 1004.109 ; gain = 0.000
INFO: [Project 1-111] Unisim Transformation Summary:
  A total of 3 instances were transformed.
  AND2 => LUT2: 1 instances
  BUF => LUT1: 2 instances

Constraint Validation Runtime : Time (s): cpu = 00:00:00 ; elapsed = 00:00:00.005 . Memory (MB): peak = 1004.109 ; gain = 0.000
---------------------------------------------------------------------------------
Finished Constraint Validation : Time (s): cpu = 00:00:10 ; elapsed = 00:00:11 . Memory (MB): peak = 1004.109 ; gain = 368.125
---------------------------------------------------------------------------------
---------------------------------------------------------------------------------
Start Loading Part and Timing Information
---------------------------------------------------------------------------------
Loading part: xc7a35tcpg236-1
---------------------------------------------------------------------------------
Finished Loading Part and Timing Information : Time (s): cpu = 00:00:10 ; elapsed = 00:00:11 . Memory (MB): peak = 1004.109 ; gain = 368.125
---------------------------------------------------------------------------------
---------------------------------------------------------------------------------
Start Applying 'set_property' XDC Constraints
---------------------------------------------------------------------------------
---------------------------------------------------------------------------------
Finished applying 'set_property' XDC Constraints : Time (s): cpu = 00:00:10 ; elapsed = 00:00:11 . Memory (MB): peak = 1004.109 ; gain = 368.125
---------------------------------------------------------------------------------
---------------------------------------------------------------------------------
Finished RTL Optimization Phase 2 : Time (s): cpu = 00:00:11 ; elapsed = 00:00:12 . Memory (MB): peak = 1004.109 ; gain = 368.125
---------------------------------------------------------------------------------

Report RTL Partitions: 
+-+--------------+------------+----------+
| |RTL Partition |Replication |Instances |
+-+--------------+------------+----------+
+-+--------------+------------+----------+
---------------------------------------------------------------------------------
Start RTL Component Statistics 
---------------------------------------------------------------------------------
Detailed RTL Component Info : 
+---XORs : 
	   2 Input      1 Bit         XORs := 25    
	   4 Input      1 Bit         XORs := 1     
---------------------------------------------------------------------------------
Finished RTL Component Statistics 
---------------------------------------------------------------------------------
---------------------------------------------------------------------------------
Start RTL Hierarchical Component Statistics 
---------------------------------------------------------------------------------
Hierarchical RTL Component report 
Module count4_MSCLK_clkcntrl4 
Detailed RTL Component Info : 
+---XORs : 
	   2 Input      1 Bit         XORs := 3     
Module LFSR 
Detailed RTL Component Info : 
+---XORs : 
	   4 Input      1 Bit         XORs := 1     
Module counterDown4L 
Detailed RTL Component Info : 
+---XORs : 
	   2 Input      1 Bit         XORs := 1     
---------------------------------------------------------------------------------
Finished RTL Hierarchical Component Statistics
---------------------------------------------------------------------------------
---------------------------------------------------------------------------------
Start Part Resource Summary
---------------------------------------------------------------------------------
Part Resources:
DSPs: 90 (col length:60)
BRAMs: 100 (col length: RAMB18 60 RAMB36 30)
---------------------------------------------------------------------------------
Finished Part Resource Summary
---------------------------------------------------------------------------------
---------------------------------------------------------------------------------
Start Cross Boundary and Area Optimization
---------------------------------------------------------------------------------
Warning: Parallel synthesis criteria is not met 
WARNING: [Synth 8-3917] design TopMod has port dp driven by constant 1
WARNING: [Synth 8-3917] design TopMod has port led[14] driven by constant 0
WARNING: [Synth 8-3917] design TopMod has port led[13] driven by constant 0
WARNING: [Synth 8-3917] design TopMod has port led[12] driven by constant 0
WARNING: [Synth 8-3917] design TopMod has port led[11] driven by constant 0
WARNING: [Synth 8-3917] design TopMod has port led[10] driven by constant 0
WARNING: [Synth 8-3917] design TopMod has port led[9] driven by constant 0
WARNING: [Synth 8-3917] design TopMod has port led[6] driven by constant 0
WARNING: [Synth 8-3917] design TopMod has port led[5] driven by constant 0
WARNING: [Synth 8-3917] design TopMod has port led[4] driven by constant 0
WARNING: [Synth 8-3917] design TopMod has port led[3] driven by constant 0
WARNING: [Synth 8-3917] design TopMod has port led[2] driven by constant 0
WARNING: [Synth 8-3917] design TopMod has port led[1] driven by constant 0
WARNING: [Synth 8-3331] design TopMod has unconnected port sw[14]
WARNING: [Synth 8-3331] design TopMod has unconnected port sw[13]
WARNING: [Synth 8-3331] design TopMod has unconnected port sw[12]
WARNING: [Synth 8-3331] design TopMod has unconnected port sw[11]
WARNING: [Synth 8-3331] design TopMod has unconnected port sw[10]
WARNING: [Synth 8-3331] design TopMod has unconnected port sw[9]
WARNING: [Synth 8-3331] design TopMod has unconnected port sw[8]
WARNING: [Synth 8-3331] design TopMod has unconnected port sw[6]
WARNING: [Synth 8-3331] design TopMod has unconnected port sw[5]
WARNING: [Synth 8-3331] design TopMod has unconnected port sw[4]
WARNING: [Synth 8-3331] design TopMod has unconnected port sw[2]
WARNING: [Synth 8-3331] design TopMod has unconnected port sw[1]
WARNING: [Synth 8-3332] Sequential element (slowit/slowclk/XLXI_44/MSCLK_CNT4ff_3) is unused and will be removed from module TopMod.
---------------------------------------------------------------------------------
Finished Cross Boundary and Area Optimization : Time (s): cpu = 00:00:13 ; elapsed = 00:00:14 . Memory (MB): peak = 1004.109 ; gain = 368.125
---------------------------------------------------------------------------------

Report RTL Partitions: 
+-+--------------+------------+----------+
| |RTL Partition |Replication |Instances |
+-+--------------+------------+----------+
+-+--------------+------------+----------+
---------------------------------------------------------------------------------
Start Applying XDC Timing Constraints
---------------------------------------------------------------------------------
---------------------------------------------------------------------------------
Finished Applying XDC Timing Constraints : Time (s): cpu = 00:00:20 ; elapsed = 00:00:21 . Memory (MB): peak = 1004.109 ; gain = 368.125
---------------------------------------------------------------------------------
---------------------------------------------------------------------------------
Start Timing Optimization
---------------------------------------------------------------------------------
---------------------------------------------------------------------------------
Finished Timing Optimization : Time (s): cpu = 00:00:20 ; elapsed = 00:00:21 . Memory (MB): peak = 1004.109 ; gain = 368.125
---------------------------------------------------------------------------------

Report RTL Partitions: 
+-+--------------+------------+----------+
| |RTL Partition |Replication |Instances |
+-+--------------+------------+----------+
+-+--------------+------------+----------+
---------------------------------------------------------------------------------
Start Technology Mapping
---------------------------------------------------------------------------------
---------------------------------------------------------------------------------
Finished Technology Mapping : Time (s): cpu = 00:00:21 ; elapsed = 00:00:22 . Memory (MB): peak = 1004.109 ; gain = 368.125
---------------------------------------------------------------------------------

Report RTL Partitions: 
+-+--------------+------------+----------+
| |RTL Partition |Replication |Instances |
+-+--------------+------------+----------+
+-+--------------+------------+----------+
---------------------------------------------------------------------------------
Start IO Insertion
---------------------------------------------------------------------------------
---------------------------------------------------------------------------------
Start Flattening Before IO Insertion
---------------------------------------------------------------------------------
---------------------------------------------------------------------------------
Finished Flattening Before IO Insertion
---------------------------------------------------------------------------------
---------------------------------------------------------------------------------
Start Final Netlist Cleanup
---------------------------------------------------------------------------------
---------------------------------------------------------------------------------
Finished Final Netlist Cleanup
---------------------------------------------------------------------------------
---------------------------------------------------------------------------------
Finished IO Insertion : Time (s): cpu = 00:00:23 ; elapsed = 00:00:24 . Memory (MB): peak = 1004.109 ; gain = 368.125
---------------------------------------------------------------------------------

Report Check Netlist: 
+------+------------------+-------+---------+-------+------------------+
|      |Item              |Errors |Warnings |Status |Description       |
+------+------------------+-------+---------+-------+------------------+
|1     |multi_driven_nets |      0|        0|Passed |Multi driven nets |
+------+------------------+-------+---------+-------+------------------+
---------------------------------------------------------------------------------
Start Renaming Generated Instances
---------------------------------------------------------------------------------
---------------------------------------------------------------------------------
Finished Renaming Generated Instances : Time (s): cpu = 00:00:23 ; elapsed = 00:00:24 . Memory (MB): peak = 1004.109 ; gain = 368.125
---------------------------------------------------------------------------------

Report RTL Partitions: 
+-+--------------+------------+----------+
| |RTL Partition |Replication |Instances |
+-+--------------+------------+----------+
+-+--------------+------------+----------+
---------------------------------------------------------------------------------
Start Rebuilding User Hierarchy
---------------------------------------------------------------------------------
---------------------------------------------------------------------------------
Finished Rebuilding User Hierarchy : Time (s): cpu = 00:00:23 ; elapsed = 00:00:24 . Memory (MB): peak = 1004.109 ; gain = 368.125
---------------------------------------------------------------------------------
---------------------------------------------------------------------------------
Start Renaming Generated Ports
---------------------------------------------------------------------------------
---------------------------------------------------------------------------------
Finished Renaming Generated Ports : Time (s): cpu = 00:00:23 ; elapsed = 00:00:24 . Memory (MB): peak = 1004.109 ; gain = 368.125
---------------------------------------------------------------------------------
---------------------------------------------------------------------------------
Start Handling Custom Attributes
---------------------------------------------------------------------------------
---------------------------------------------------------------------------------
Finished Handling Custom Attributes : Time (s): cpu = 00:00:23 ; elapsed = 00:00:24 . Memory (MB): peak = 1004.109 ; gain = 368.125
---------------------------------------------------------------------------------
---------------------------------------------------------------------------------
Start Renaming Generated Nets
---------------------------------------------------------------------------------
---------------------------------------------------------------------------------
Finished Renaming Generated Nets : Time (s): cpu = 00:00:23 ; elapsed = 00:00:24 . Memory (MB): peak = 1004.109 ; gain = 368.125
---------------------------------------------------------------------------------
---------------------------------------------------------------------------------
Start Writing Synthesis Report
---------------------------------------------------------------------------------

Report BlackBoxes: 
+-+--------------+----------+
| |BlackBox name |Instances |
+-+--------------+----------+
+-+--------------+----------+

Report Cell Usage: 
+------+-----------+------+
|      |Cell       |Count |
+------+-----------+------+
|1     |AND2       |     1|
|2     |BUF        |     2|
|3     |BUFG       |     3|
|4     |LUT1       |     9|
|5     |LUT2       |    16|
|6     |LUT3       |    13|
|7     |LUT4       |    29|
|8     |LUT5       |    18|
|9     |LUT6       |    15|
|10    |MMCME2_ADV |     1|
|11    |STARTUPE2  |     1|
|12    |FDRE       |    69|
|13    |IBUF       |     7|
|14    |OBUF       |    28|
+------+-----------+------+

Report Instance Areas: 
+------+----------------+-------------------------+------+
|      |Instance        |Module                   |Cells |
+------+----------------+-------------------------+------+
|1     |top             |                         |   212|
|2     |  LFSR_In       |LFSR                     |     9|
|3     |  PlayerAC      |counterDown4L            |     7|
|4     |  PlayerBC      |counterDown4L_0          |     7|
|5     |  RNGCNT        |ringCounter              |    21|
|6     |  SM            |stateMachine             |    24|
|7     |  aRandom       |count1Bit                |     2|
|8     |  bRandom       |count1Bit_1              |     2|
|9     |  slowit        |qsec_clks                |    68|
|10    |    my_clk_inst |clk_wiz_0                |     4|
|11    |    slowclk     |clkcntrl4                |    63|
|12    |      XLXI_37   |count4_MSCLK_clkcntrl4   |     9|
|13    |      XLXI_38   |count4_MSCLK_clkcntrl4_4 |     9|
|14    |      XLXI_39   |count4_MSCLK_clkcntrl4_5 |     8|
|15    |      XLXI_40   |count4_MSCLK_clkcntrl4_6 |     9|
|16    |      XLXI_44   |count4_MSCLK_clkcntrl4_7 |     6|
|17    |      XLXI_45   |count4_MSCLK_clkcntrl4_8 |     9|
|18    |      XLXI_49   |count4_MSCLK_clkcntrl4_9 |     9|
|19    |  timer         |timeCounter              |    32|
|20    |    count0to3   |counterDown4L_2          |    11|
|21    |    count4to7   |counterDown4L_3          |    21|
+------+----------------+-------------------------+------+
---------------------------------------------------------------------------------
Finished Writing Synthesis Report : Time (s): cpu = 00:00:23 ; elapsed = 00:00:24 . Memory (MB): peak = 1004.109 ; gain = 368.125
---------------------------------------------------------------------------------
Synthesis finished with 0 errors, 0 critical warnings and 26 warnings.
Synthesis Optimization Runtime : Time (s): cpu = 00:00:16 ; elapsed = 00:00:21 . Memory (MB): peak = 1004.109 ; gain = 242.336
Synthesis Optimization Complete : Time (s): cpu = 00:00:23 ; elapsed = 00:00:24 . Memory (MB): peak = 1004.109 ; gain = 368.125
INFO: [Project 1-571] Translating synthesized netlist
CRITICAL WARNING: [Netlist 29-72] Incorrect value '0' specified for property 'DIVCLK_DIVIDE'. Expecting type 'int' with possible values of '1 to 106'. The system will either use the default value or the property value will be dropped. Please verify your source files. [C:/Users/sdli/Downloads/Lab04FINALFINAL.xpr/Lab04/Lab04.srcs/sources_1/imports/Downloads/qsec_clks.v:126]
Resolution: Please check the value of the property and set to a correct value.
INFO: [Netlist 29-17] Analyzing 5 Unisim elements for replacement
INFO: [Netlist 29-28] Unisim Transformation completed in 0 CPU seconds
INFO: [Project 1-570] Preparing netlist for logic optimization
INFO: [Opt 31-138] Pushed 0 inverter(s) to 0 load pin(s).
Netlist sorting complete. Time (s): cpu = 00:00:00 ; elapsed = 00:00:00 . Memory (MB): peak = 1015.012 ; gain = 0.000
INFO: [Project 1-111] Unisim Transformation Summary:
  A total of 3 instances were transformed.
  AND2 => LUT2: 1 instances
  BUF => LUT1: 2 instances

INFO: [Common 17-83] Releasing license: Synthesis
57 Infos, 52 Warnings, 2 Critical Warnings and 0 Errors encountered.
synth_design completed successfully
synth_design: Time (s): cpu = 00:00:29 ; elapsed = 00:00:30 . Memory (MB): peak = 1015.012 ; gain = 636.676
Netlist sorting complete. Time (s): cpu = 00:00:00 ; elapsed = 00:00:00 . Memory (MB): peak = 1015.012 ; gain = 0.000
WARNING: [Constraints 18-5210] No constraints selected for write.
Resolution: This message can indicate that there are no constraints for the design, or it can indicate that the used_in flags are set such that the constraints are ignored. This later case is used when running synth_design to not write synthesis constraints to the resulting checkpoint. Instead, project constraints are read when the synthesized design is opened.
INFO: [Common 17-1381] The checkpoint 'C:/Users/sdli/Downloads/Lab04FINALFINAL.xpr/Lab04/Lab04.runs/synth_1/TopMod.dcp' has been generated.
INFO: [runtcl-4] Executing : report_utilization -file TopMod_utilization_synth.rpt -pb TopMod_utilization_synth.pb
INFO: [Common 17-206] Exiting Vivado at Tue May  2 10:13:59 2023...
