INFO: [VRFC 10-2263] Analyzing Verilog file "C:/Users/these/OneDrive/Desktop/CSE100/Lab05/Lab05.srcs/sources_1/new/AddSub8.v" into library xil_defaultlib
INFO: [VRFC 10-311] analyzing module AddSub8
INFO: [VRFC 10-2263] Analyzing Verilog file "C:/Users/these/OneDrive/Desktop/CSE100/Lab05/Lab05.srcs/sources_1/new/LEDShifter.v" into library xil_defaultlib
INFO: [VRFC 10-311] analyzing module LEDShifter
INFO: [VRFC 10-2263] Analyzing Verilog file "C:/Users/these/OneDrive/Desktop/CSE100/Lab05/Lab05.srcs/sources_1/new/Selector.v" into library xil_defaultlib
INFO: [VRFC 10-311] analyzing module Selector
INFO: [VRFC 10-2263] Analyzing Verilog file "C:/Users/these/OneDrive/Desktop/CSE100/Lab05/Lab05.srcs/sources_1/new/StateMachine.v" into library xil_defaultlib
INFO: [VRFC 10-311] analyzing module StateMachine
INFO: [VRFC 10-2263] Analyzing Verilog file "C:/Users/these/OneDrive/Desktop/CSE100/Lab05/Lab05.srcs/sources_1/new/TopMod.v" into library xil_defaultlib
INFO: [VRFC 10-311] analyzing module TopMod
INFO: [VRFC 10-2458] undeclared symbol qsec, assumed default net type wire [C:/Users/these/OneDrive/Desktop/CSE100/Lab05/Lab05.srcs/sources_1/new/TopMod.v:44]
INFO: [VRFC 10-2263] Analyzing Verilog file "C:/Users/these/OneDrive/Desktop/CSE100/Lab05/Lab05.srcs/sources_1/new/bitAdder.v" into library xil_defaultlib
INFO: [VRFC 10-311] analyzing module bitAdder
INFO: [VRFC 10-2263] Analyzing Verilog file "C:/Users/these/OneDrive/Desktop/CSE100/Lab05/Lab05.srcs/sources_1/new/count8UL.v" into library xil_defaultlib
INFO: [VRFC 10-311] analyzing module count8UL
INFO: [VRFC 10-2263] Analyzing Verilog file "C:/Users/these/OneDrive/Desktop/CSE100/Lab05/Lab05.srcs/sources_1/new/fullAdder.v" into library xil_defaultlib
INFO: [VRFC 10-311] analyzing module fullAdder
INFO: [VRFC 10-2263] Analyzing Verilog file "C:/Users/these/OneDrive/Desktop/CSE100/Lab05/Lab05.srcs/sources_1/new/hex7seg.v" into library xil_defaultlib
INFO: [VRFC 10-311] analyzing module hex7seg
INFO: [VRFC 10-2263] Analyzing Verilog file "C:/Users/these/OneDrive/Desktop/CSE100/qsec_clks.v" into library xil_defaultlib
INFO: [VRFC 10-311] analyzing module qsec_clks
INFO: [VRFC 10-2458] undeclared symbol dummy, assumed default net type wire [C:/Users/these/OneDrive/Desktop/CSE100/qsec_clks.v:41]
INFO: [VRFC 10-311] analyzing module clk_wiz_0
INFO: [VRFC 10-311] analyzing module clkcntrl4
INFO: [VRFC 10-311] analyzing module count4_MSCLK_clkcntrl4
INFO: [VRFC 10-2263] Analyzing Verilog file "C:/Users/these/OneDrive/Desktop/CSE100/Lab05/Lab05.srcs/sources_1/new/ringCounter.v" into library xil_defaultlib
INFO: [VRFC 10-311] analyzing module ringCounter
INFO: [VRFC 10-2263] Analyzing Verilog file "C:/Users/these/OneDrive/Desktop/CSE100/testbench.v" into library xil_defaultlib
INFO: [VRFC 10-311] analyzing module testbench
